"../../../../../../Users/justi/OneDrive/Documents/GitHub/WithFriends/With_Friends/Content/Art/Materials/catrun_Skeleton.uasset" 0
"../../../Engine/Content/Animation/DefaultAnimCurveCompressionSettings.uasset" 1
"../../../Engine/Content/Animation/DefaultAnimBoneCompressionSettings.uasset" 2
"../../../../../../Users/justi/OneDrive/Documents/GitHub/WithFriends/With_Friends/Content/cat_with_idle.uasset" 3
"../../../../../../Users/justi/OneDrive/Documents/GitHub/WithFriends/With_Friends/Content/ChonkyAnim.uasset" 4
"../../../Engine/Content/Animation/DefaultRecorderBoneCompression.uasset" 5
"../../../../../../Users/justi/OneDrive/Documents/GitHub/WithFriends/With_Friends/Content/Run.uasset" 6
"../../../../../../Users/justi/OneDrive/Documents/GitHub/WithFriends/With_Friends/Content/Run2.uasset" 7
"../../../../../../Users/justi/OneDrive/Documents/GitHub/WithFriends/With_Friends/Content/Art/3D_Models/wood_241.uasset" 8
"../../../../../../Users/justi/OneDrive/Documents/GitHub/WithFriends/With_Friends/Content/Art/3D_Models/wood_241_bump.uasset" 9
"../../../../../../Users/justi/OneDrive/Documents/GitHub/WithFriends/With_Friends/Content/Art/3D_Models/Wood_Table/Cylinder001Mat.uasset" 10
"../../../../../../Users/justi/OneDrive/Documents/GitHub/WithFriends/With_Friends/Content/Art/3D_Models/Wood_Table/Bond_Coffee_Table_Cylinder001.uasset" 11
"../../../../../../Users/justi/OneDrive/Documents/GitHub/WithFriends/With_Friends/Content/Art/3D_Models/Wood_Table/Cylinder002Mat.uasset" 12
"../../../../../../Users/justi/OneDrive/Documents/GitHub/WithFriends/With_Friends/Content/Art/3D_Models/Wood_Table/Bond_Coffee_Table_Cylinder002.uasset" 13
"../../../../../../Users/justi/OneDrive/Documents/GitHub/WithFriends/With_Friends/Content/Art/3D_Models/Wood_Table/WoodFine07_gloss.uasset" 14
"../../../../../../Users/justi/OneDrive/Documents/GitHub/WithFriends/With_Friends/Content/Art/3D_Models/Wood_Table/Cylinder003Mat.uasset" 15
"../../../../../../Users/justi/OneDrive/Documents/GitHub/WithFriends/With_Friends/Content/Art/3D_Models/Wood_Table/Bond_Coffee_Table_Cylinder003.uasset" 16
"../../../../../../Users/justi/OneDrive/Documents/GitHub/WithFriends/With_Friends/Content/Art/3D_Models/Wood_Table/Cylinder004Mat.uasset" 17
"../../../../../../Users/justi/OneDrive/Documents/GitHub/WithFriends/With_Friends/Content/Art/3D_Models/Wood_Table/Bond_Coffee_Table_Cylinder004.uasset" 18
"../../../../../../Users/justi/OneDrive/Documents/GitHub/WithFriends/With_Friends/Content/Art/3D_Models/Wood_Table/Object002Mat.uasset" 19
"../../../../../../Users/justi/OneDrive/Documents/GitHub/WithFriends/With_Friends/Content/Art/3D_Models/Wood_Table/Bond_Coffee_Table_Object002.uasset" 20
"../../../../../../Users/justi/OneDrive/Documents/GitHub/WithFriends/With_Friends/Content/Art/3D_Models/Wood_Table/Object003Mat.uasset" 21
"../../../../../../Users/justi/OneDrive/Documents/GitHub/WithFriends/With_Friends/Content/Art/3D_Models/Wood_Table/Bond_Coffee_Table_Object003.uasset" 22
"../../../../../../Users/justi/OneDrive/Documents/GitHub/WithFriends/With_Friends/Content/Art/3D_Models/Wood_Table/Object004Mat.uasset" 23
"../../../../../../Users/justi/OneDrive/Documents/GitHub/WithFriends/With_Friends/Content/Art/3D_Models/Wood_Table/Bond_Coffee_Table_Object004.uasset" 24
"../../../../../../Users/justi/OneDrive/Documents/GitHub/WithFriends/With_Friends/Content/Art/3D_Models/Wood_Table/Plane002Mat.uasset" 25
"../../../../../../Users/justi/OneDrive/Documents/GitHub/WithFriends/With_Friends/Content/Art/3D_Models/Wood_Table/Bond_Coffee_Table_Plane002.uasset" 26
"../../../../../../Users/justi/OneDrive/Documents/GitHub/WithFriends/With_Friends/Content/Art/3D_Models/Wood_Table/Plane003Mat.uasset" 27
"../../../../../../Users/justi/OneDrive/Documents/GitHub/WithFriends/With_Friends/Content/Art/3D_Models/Wood_Table/Bond_Coffee_Table_Plane003.uasset" 28
"../../../../../../Users/justi/OneDrive/Documents/GitHub/WithFriends/With_Friends/Content/Art/3D_Models/Wood_Table/Plane004Mat.uasset" 29
"../../../../../../Users/justi/OneDrive/Documents/GitHub/WithFriends/With_Friends/Content/Art/3D_Models/Wood_Table/Bond_Coffee_Table_Plane004.uasset" 30
"../../../../../../Users/justi/OneDrive/Documents/GitHub/WithFriends/With_Friends/Content/Art/3D_Models/Wood_Table/Plane005Mat.uasset" 31
"../../../../../../Users/justi/OneDrive/Documents/GitHub/WithFriends/With_Friends/Content/Art/3D_Models/Wood_Table/Bond_Coffee_Table_Plane005.uasset" 32
"../../../../../../Users/justi/OneDrive/Documents/GitHub/WithFriends/With_Friends/Content/Art/3D_Models/Wood_Table/Plane006Mat.uasset" 33
"../../../../../../Users/justi/OneDrive/Documents/GitHub/WithFriends/With_Friends/Content/Art/3D_Models/Wood_Table/Bond_Coffee_Table_Plane006.uasset" 34
"../../../../../../Users/justi/OneDrive/Documents/GitHub/WithFriends/With_Friends/Content/Art/3D_Models/Wood_Table/Plane009Mat.uasset" 35
"../../../../../../Users/justi/OneDrive/Documents/GitHub/WithFriends/With_Friends/Content/Art/3D_Models/Wood_Table/Bond_Coffee_Table_Plane009.uasset" 36
"../../../../../../Users/justi/OneDrive/Documents/GitHub/WithFriends/With_Friends/Content/Art/3D_Models/Wood_Table/Plane007Mat.uasset" 37
"../../../../../../Users/justi/OneDrive/Documents/GitHub/WithFriends/With_Friends/Content/Art/3D_Models/Wood_Table/Plane008Mat.uasset" 38
"../../../../../../Users/justi/OneDrive/Documents/GitHub/WithFriends/With_Friends/Content/Art/3D_Models/Wood_Table/WoodFine07_diff.uasset" 39
"../../../../../../Users/justi/OneDrive/Documents/GitHub/WithFriends/With_Friends/Content/Art/3D_Models/Wood_Table/WoodFine07_norm.uasset" 40
"../../../../../../Users/justi/OneDrive/Documents/GitHub/WithFriends/With_Friends/Content/Art/3D_Models/Wood_Table/WoodFine07_ref.uasset" 41
"../../../../../../Users/justi/OneDrive/Documents/GitHub/WithFriends/With_Friends/Content/Art/3D_Models/Wood_Table/wood_acacia_02_gloss.uasset" 42
"../../../../../../Users/justi/OneDrive/Documents/GitHub/WithFriends/With_Friends/Content/Art/3D_Models/Wood_Table/wood_acacia_02_norm.uasset" 43
"../../../../../../Users/justi/OneDrive/Documents/GitHub/WithFriends/With_Friends/Content/Art/3D_Models/Wood_Table/wood_acacia_02_ref.uasset" 44
"../../../../../../Users/justi/OneDrive/Documents/GitHub/WithFriends/With_Friends/Content/Art/Materials/catrun_Anim.uasset" 45
"../../../../../../Users/justi/OneDrive/Documents/GitHub/WithFriends/With_Friends/Content/Art/Materials/MasterMaterial.uasset" 46
"../../../../../../Users/justi/OneDrive/Documents/GitHub/WithFriends/With_Friends/Content/Art/Materials/DarkGrey.uasset" 47
"../../../../../../Users/justi/OneDrive/Documents/GitHub/WithFriends/With_Friends/Content/Art/Materials/Gold.uasset" 48
"../../../../../../Users/justi/OneDrive/Documents/GitHub/WithFriends/With_Friends/Content/Art/Materials/MasterMaterial_Inst.uasset" 49
"../../../../../../Users/justi/OneDrive/Documents/GitHub/WithFriends/With_Friends/Content/Art/Materials/MasterMaterial_Inst1.uasset" 50
"../../../../../../Users/justi/OneDrive/Documents/GitHub/WithFriends/With_Friends/Content/Art/Materials/Plant.uasset" 51
"../../../../../../Users/justi/OneDrive/Documents/GitHub/WithFriends/With_Friends/Content/Art/TestLevelObjects/Wall.uasset" 52
"../../../../../../Users/justi/OneDrive/Documents/GitHub/WithFriends/With_Friends/Content/Art/UI/Menu_Button_1.uasset" 53
"../../../../../../Users/justi/OneDrive/Documents/GitHub/WithFriends/With_Friends/Content/Art/UI/KGMissKindergarten.uasset" 54
"../../../../../../Users/justi/OneDrive/Documents/GitHub/WithFriends/With_Friends/Content/Art/UI/KGMissKindergarten_Font.uasset" 55
"../../../../../../Users/justi/OneDrive/Documents/GitHub/WithFriends/With_Friends/Content/Art/UI/ChelaOne-Regular.uasset" 56
"../../../../../../Users/justi/OneDrive/Documents/GitHub/WithFriends/With_Friends/Content/Art/UI/ChelaOne-Regular_Font.uasset" 57
"../../../../../../Users/justi/OneDrive/Documents/GitHub/WithFriends/With_Friends/Content/withfriends.uasset" 58
"../../../../../../Users/justi/OneDrive/Documents/GitHub/WithFriends/With_Friends/Content/Art/UI/Widget_MainMenu.uasset" 59
"../../../../../../Users/justi/OneDrive/Documents/GitHub/WithFriends/With_Friends/Content/Art/UI/MainMenu.uasset" 60
"../../../../../../Users/justi/OneDrive/Documents/GitHub/WithFriends/With_Friends/Content/Art/UI/Widget_ChoiceList.uasset" 61
"../../../../../../Users/justi/OneDrive/Documents/GitHub/WithFriends/With_Friends/Content/Art/WithFriendsSoundEffects/ChestClosing1.uasset" 62
"../../../../../../Users/justi/OneDrive/Documents/GitHub/WithFriends/With_Friends/Content/Art/WithFriendsSoundEffects/ChestClosing2.uasset" 63
"../../../../../../Users/justi/OneDrive/Documents/GitHub/WithFriends/With_Friends/Content/Art/WithFriendsSoundEffects/ChestClosing3.uasset" 64
"../../../../../../Users/justi/OneDrive/Documents/GitHub/WithFriends/With_Friends/Content/Art/WithFriendsSoundEffects/ChestOpening1.uasset" 65
"../../../../../../Users/justi/OneDrive/Documents/GitHub/WithFriends/With_Friends/Content/Art/WithFriendsSoundEffects/ChestOpening2.uasset" 66
"../../../../../../Users/justi/OneDrive/Documents/GitHub/WithFriends/With_Friends/Content/Art/WithFriendsSoundEffects/ChestOpening3.uasset" 67
"../../../../../../Users/justi/OneDrive/Documents/GitHub/WithFriends/With_Friends/Content/Art/WithFriendsSoundEffects/CompanionFootsteps.uasset" 68
"../../../../../../Users/justi/OneDrive/Documents/GitHub/WithFriends/With_Friends/Content/Art/WithFriendsSoundEffects/CompanionFootstepsFast.uasset" 69
"../../../../../../Users/justi/OneDrive/Documents/GitHub/WithFriends/With_Friends/Content/Art/WithFriendsSoundEffects/CompanionFootstepsFaster.uasset" 70
"../../../../../../Users/justi/OneDrive/Documents/GitHub/WithFriends/With_Friends/Content/Art/WithFriendsSoundEffects/CompanionFootstepsSlow.uasset" 71
"../../../../../../Users/justi/OneDrive/Documents/GitHub/WithFriends/With_Friends/Content/Art/WithFriendsSoundEffects/DoorClosing1.uasset" 72
"../../../../../../Users/justi/OneDrive/Documents/GitHub/WithFriends/With_Friends/Content/Art/WithFriendsSoundEffects/DoorClosing2.uasset" 73
"../../../../../../Users/justi/OneDrive/Documents/GitHub/WithFriends/With_Friends/Content/Art/WithFriendsSoundEffects/DoorClosing3.uasset" 74
"../../../../../../Users/justi/OneDrive/Documents/GitHub/WithFriends/With_Friends/Content/Art/WithFriendsSoundEffects/DoorOpening1.uasset" 75
"../../../../../../Users/justi/OneDrive/Documents/GitHub/WithFriends/With_Friends/Content/Art/WithFriendsSoundEffects/DoorOpening2.uasset" 76
"../../../../../../Users/justi/OneDrive/Documents/GitHub/WithFriends/With_Friends/Content/Art/WithFriendsSoundEffects/DoorOpening3.uasset" 77
"../../../../../../Users/justi/OneDrive/Documents/GitHub/WithFriends/With_Friends/Content/Art/WithFriendsSoundEffects/Drinking1.uasset" 78
"../../../../../../Users/justi/OneDrive/Documents/GitHub/WithFriends/With_Friends/Content/Art/WithFriendsSoundEffects/Drinking2.uasset" 79
"../../../../../../Users/justi/OneDrive/Documents/GitHub/WithFriends/With_Friends/Content/Art/WithFriendsSoundEffects/Drinking3.uasset" 80
"../../../../../../Users/justi/OneDrive/Documents/GitHub/WithFriends/With_Friends/Content/Art/WithFriendsSoundEffects/DrinkingAll.uasset" 81
"../../../../../../Users/justi/OneDrive/Documents/GitHub/WithFriends/With_Friends/Content/Art/WithFriendsSoundEffects/GettingHit1.uasset" 82
"../../../../../../Users/justi/OneDrive/Documents/GitHub/WithFriends/With_Friends/Content/Art/WithFriendsSoundEffects/GettingHit2.uasset" 83
"../../../../../../Users/justi/OneDrive/Documents/GitHub/WithFriends/With_Friends/Content/Art/WithFriendsSoundEffects/GettingHit3.uasset" 84
"../../../../../../Users/justi/OneDrive/Documents/GitHub/WithFriends/With_Friends/Content/Art/WithFriendsSoundEffects/GettingHit4.uasset" 85
"../../../../../../Users/justi/OneDrive/Documents/GitHub/WithFriends/With_Friends/Content/Art/WithFriendsSoundEffects/GettingHit5.uasset" 86
"../../../../../../Users/justi/OneDrive/Documents/GitHub/WithFriends/With_Friends/Content/Art/WithFriendsSoundEffects/GettingHit6.uasset" 87
"../../../../../../Users/justi/OneDrive/Documents/GitHub/WithFriends/With_Friends/Content/Art/WithFriendsSoundEffects/GettingHit7.uasset" 88
"../../../../../../Users/justi/OneDrive/Documents/GitHub/WithFriends/With_Friends/Content/Art/WithFriendsSoundEffects/Grunt1.uasset" 89
"../../../../../../Users/justi/OneDrive/Documents/GitHub/WithFriends/With_Friends/Content/Art/WithFriendsSoundEffects/Grunt10.uasset" 90
"../../../../../../Users/justi/OneDrive/Documents/GitHub/WithFriends/With_Friends/Content/Art/WithFriendsSoundEffects/Grunt11.uasset" 91
"../../../../../../Users/justi/OneDrive/Documents/GitHub/WithFriends/With_Friends/Content/Art/WithFriendsSoundEffects/Grunt12.uasset" 92
"../../../../../../Users/justi/OneDrive/Documents/GitHub/WithFriends/With_Friends/Content/Art/WithFriendsSoundEffects/Grunt2.uasset" 93
"../../../../../../Users/justi/OneDrive/Documents/GitHub/WithFriends/With_Friends/Content/Art/WithFriendsSoundEffects/Grunt3.uasset" 94
"../../../../../../Users/justi/OneDrive/Documents/GitHub/WithFriends/With_Friends/Content/Art/WithFriendsSoundEffects/Grunt4.uasset" 95
"../../../../../../Users/justi/OneDrive/Documents/GitHub/WithFriends/With_Friends/Content/Art/WithFriendsSoundEffects/Grunt5.uasset" 96
"../../../../../../Users/justi/OneDrive/Documents/GitHub/WithFriends/With_Friends/Content/Art/WithFriendsSoundEffects/Grunt6.uasset" 97
"../../../../../../Users/justi/OneDrive/Documents/GitHub/WithFriends/With_Friends/Content/Art/WithFriendsSoundEffects/Grunt7.uasset" 98
"../../../../../../Users/justi/OneDrive/Documents/GitHub/WithFriends/With_Friends/Content/Art/WithFriendsSoundEffects/Grunt8.uasset" 99
"../../../../../../Users/justi/OneDrive/Documents/GitHub/WithFriends/With_Friends/Content/Art/WithFriendsSoundEffects/Grunt9.uasset" 100
"../../../../../../Users/justi/OneDrive/Documents/GitHub/WithFriends/With_Friends/Content/Art/WithFriendsSoundEffects/HealingSound.uasset" 101
"../../../../../../Users/justi/OneDrive/Documents/GitHub/WithFriends/With_Friends/Content/Art/WithFriendsSoundEffects/HealingSoundbutHealthisFull.uasset" 102
"../../../../../../Users/justi/OneDrive/Documents/GitHub/WithFriends/With_Friends/Content/Art/WithFriendsSoundEffects/Heartbeat.uasset" 103
"../../../../../../Users/justi/OneDrive/Documents/GitHub/WithFriends/With_Friends/Content/Art/WithFriendsSoundEffects/HeartbeatFast.uasset" 104
"../../../../../../Users/justi/OneDrive/Documents/GitHub/WithFriends/With_Friends/Content/Art/WithFriendsSoundEffects/Oof1.uasset" 105
"../../../../../../Users/justi/OneDrive/Documents/GitHub/WithFriends/With_Friends/Content/Art/WithFriendsSoundEffects/Oof3.uasset" 106
"../../../../../../Users/justi/OneDrive/Documents/GitHub/WithFriends/With_Friends/Content/Art/WithFriendsSoundEffects/SeriousFootsteps.uasset" 107
"../../../../../../Users/justi/OneDrive/Documents/GitHub/WithFriends/With_Friends/Content/Art/WithFriendsSoundEffects/SeriousFootstepsFast.uasset" 108
"../../../../../../Users/justi/OneDrive/Documents/GitHub/WithFriends/With_Friends/Content/Art/WithFriendsSoundEffects/SeriousFootstepsFaster.uasset" 109
"../../../../../../Users/justi/OneDrive/Documents/GitHub/WithFriends/With_Friends/Content/Art/WithFriendsSoundEffects/SlimeSound1.uasset" 110
"../../../../../../Users/justi/OneDrive/Documents/GitHub/WithFriends/With_Friends/Content/Art/WithFriendsSoundEffects/SlimeSound2.uasset" 111
"../../../../../../Users/justi/OneDrive/Documents/GitHub/WithFriends/With_Friends/Content/Art/WithFriendsSoundEffects/SlimeSound3.uasset" 112
"../../../../../../Users/justi/OneDrive/Documents/GitHub/WithFriends/With_Friends/Content/Art/WithFriendsSoundEffects/SlimeSound4.uasset" 113
"../../../../../../Users/justi/OneDrive/Documents/GitHub/WithFriends/With_Friends/Content/Art/WithFriendsSoundEffects/SlimeSound5.uasset" 114
"../../../../../../Users/justi/OneDrive/Documents/GitHub/WithFriends/With_Friends/Content/Art/WithFriendsSoundEffects/SlimeSound6.uasset" 115
"../../../../../../Users/justi/OneDrive/Documents/GitHub/WithFriends/With_Friends/Content/Art/WithFriendsSoundEffects/SlimeSound7.uasset" 116
"../../../../../../Users/justi/OneDrive/Documents/GitHub/WithFriends/With_Friends/Content/Art/WithFriendsSoundEffects/SwordHittingSlime6.uasset" 117
"../../../../../../Users/justi/OneDrive/Documents/GitHub/WithFriends/With_Friends/Content/Art/WithFriendsSoundEffects/SwordHittingSlime7.uasset" 118
"../../../../../../Users/justi/OneDrive/Documents/GitHub/WithFriends/With_Friends/Content/Art/WithFriendsSoundEffects/SwordSwish1.uasset" 119
"../../../../../../Users/justi/OneDrive/Documents/GitHub/WithFriends/With_Friends/Content/Art/WithFriendsSoundEffects/SwordSwish2.uasset" 120
"../../../../../../Users/justi/OneDrive/Documents/GitHub/WithFriends/With_Friends/Content/Art/WithFriendsSoundEffects/SwordSwish3.uasset" 121
"../../../../../../Users/justi/OneDrive/Documents/GitHub/WithFriends/With_Friends/Content/Art/UI/Widget_Interaction.uasset" 122
"../../../../../../Users/justi/OneDrive/Documents/GitHub/WithFriends/With_Friends/Content/Sound/SwordSwish3.uasset" 123
"../../../../../../Users/justi/OneDrive/Documents/GitHub/WithFriends/With_Friends/Content/Sound/SwordSwish2.uasset" 124
"../../../../../../Users/justi/OneDrive/Documents/GitHub/WithFriends/With_Friends/Content/Sound/SwordSwish1.uasset" 125
"../../../../../../Users/justi/OneDrive/Documents/GitHub/WithFriends/With_Friends/Content/Sound/Oof3.uasset" 126
"../../../../../../Users/justi/OneDrive/Documents/GitHub/WithFriends/With_Friends/Content/Sound/Oof1.uasset" 127
"../../../../../../Users/justi/OneDrive/Documents/GitHub/WithFriends/With_Friends/Content/Sound/GameOver.uasset" 128
"../../../../../../Users/justi/OneDrive/Documents/GitHub/WithFriends/With_Friends/Content/Art/UI/GameHUD.uasset" 129
"../../../../../../Users/justi/OneDrive/Documents/GitHub/WithFriends/With_Friends/Content/Unreal_Example_Map/ThirdPersonBP/Blueprints/ThirdPersonGameMode.uasset" 130
"../../../../../../Users/justi/OneDrive/Documents/GitHub/WithFriends/With_Friends/Content/Blueprints/Villagers/Speak.uasset" 131
"../../../../../../Users/justi/OneDrive/Documents/GitHub/WithFriends/With_Friends/Content/Sound/Footsteps.uasset" 132
"../../../Engine/Content/EditorBlueprintResources/StandardMacros.uasset" 133
"../../../../../../Users/justi/OneDrive/Documents/GitHub/WithFriends/With_Friends/Content/Art/UI/Widget_Dialogue.uasset" 134
"../../../../../../Users/justi/OneDrive/Documents/GitHub/WithFriends/With_Friends/Content/Blueprints/Villagers/AI/Dialogue/NPC_StartDialogue.uasset" 135
"../../../../../../Users/justi/OneDrive/Documents/GitHub/WithFriends/With_Friends/Content/Blueprints/Villagers/AI/Dialogue/NPC_Allied.uasset" 136
"../../../../../../Users/justi/OneDrive/Documents/GitHub/WithFriends/With_Friends/Content/Blueprints/Villagers/AI/NPC_Wander.uasset" 137
"../../../../../../Users/justi/OneDrive/Documents/GitHub/WithFriends/With_Friends/Content/Blueprints/Villagers/AI/NPC_Follow.uasset" 138
"../../../../../../Users/justi/OneDrive/Documents/GitHub/WithFriends/With_Friends/Content/Blueprints/Villagers/AI/NPC_BB.uasset" 139
"../../../../../../Users/justi/OneDrive/Documents/GitHub/WithFriends/With_Friends/Content/Blueprints/Villagers/AI/NPC_BT.uasset" 140
"../../../../../../Users/justi/OneDrive/Documents/GitHub/WithFriends/With_Friends/Content/Blueprints/Villagers/AI/NPC_AI.uasset" 141
"../../../../../../Users/justi/OneDrive/Documents/GitHub/WithFriends/With_Friends/Content/Blueprints/Villagers/AI/Dialogue/EndDialogue.uasset" 142
"../../../../../../Users/justi/OneDrive/Documents/GitHub/WithFriends/With_Friends/Content/Blueprints/Villagers/AI/Dialogue/DisplayLine.uasset" 143
"../../../../../../Users/justi/OneDrive/Documents/GitHub/WithFriends/With_Friends/Content/Blueprints/Villagers/AI/Dialogue/NPC_Chonky.uasset" 144
"../../../../../../Users/justi/OneDrive/Documents/GitHub/WithFriends/With_Friends/Content/Art/Materials/Chonky.uasset" 145
"../../../../../../Users/justi/OneDrive/Documents/GitHub/WithFriends/With_Friends/Content/Art/Materials/Chonky_Mat.uasset" 146
"../../../../../../Users/justi/OneDrive/Documents/GitHub/WithFriends/With_Friends/Content/Art/Materials/Chonky_Mat_Inst.uasset" 147
"../../../../../../Users/justi/OneDrive/Documents/GitHub/WithFriends/With_Friends/Content/Art/Materials/catrun_PhysicsAsset.uasset" 148
"../../../../../../Users/justi/OneDrive/Documents/GitHub/WithFriends/With_Friends/Content/Art/Materials/lambert2.uasset" 149
"../../../../../../Users/justi/OneDrive/Documents/GitHub/WithFriends/With_Friends/Content/Art/Materials/catrun.uasset" 150
"../../../../../../Users/justi/OneDrive/Documents/GitHub/WithFriends/With_Friends/Content/Blueprints/Villagers/NPC_Test.uasset" 151
"../../../../../../Users/justi/OneDrive/Documents/GitHub/WithFriends/With_Friends/Content/Art/WithFriendsSoundEffects/SwordSwish5.uasset" 152
"../../../../../../Users/justi/OneDrive/Documents/GitHub/WithFriends/With_Friends/Content/Art/WithFriendsSoundEffects/SwordSwish4.uasset" 153
"../../../../../../Users/justi/OneDrive/Documents/GitHub/WithFriends/With_Friends/Content/Art/WithFriendsSoundEffects/SwordHittingSlime5.uasset" 154
"../../../../../../Users/justi/OneDrive/Documents/GitHub/WithFriends/With_Friends/Content/Art/WithFriendsSoundEffects/SwordHittingSlime4.uasset" 155
"../../../../../../Users/justi/OneDrive/Documents/GitHub/WithFriends/With_Friends/Content/Art/WithFriendsSoundEffects/SwordHittingSlime3.uasset" 156
"../../../../../../Users/justi/OneDrive/Documents/GitHub/WithFriends/With_Friends/Content/Art/WithFriendsSoundEffects/SwordHittingSlime2.uasset" 157
"../../../../../../Users/justi/OneDrive/Documents/GitHub/WithFriends/With_Friends/Content/Art/WithFriendsSoundEffects/SwordHittingSlime1.uasset" 158
"../../../../../../Users/justi/OneDrive/Documents/GitHub/WithFriends/With_Friends/Content/Art/WithFriendsSoundEffects/Oof8.uasset" 159
"../../../../../../Users/justi/OneDrive/Documents/GitHub/WithFriends/With_Friends/Content/Art/WithFriendsSoundEffects/Oof7.uasset" 160
"../../../../../../Users/justi/OneDrive/Documents/GitHub/WithFriends/With_Friends/Content/Art/WithFriendsSoundEffects/Oof6.uasset" 161
"../../../../../../Users/justi/OneDrive/Documents/GitHub/WithFriends/With_Friends/Content/Art/WithFriendsSoundEffects/Oof5.uasset" 162
"../../../../../../Users/justi/OneDrive/Documents/GitHub/WithFriends/With_Friends/Content/Art/WithFriendsSoundEffects/Oof4.uasset" 163
"../../../../../../Users/justi/OneDrive/Documents/GitHub/WithFriends/With_Friends/Content/Art/WithFriendsSoundEffects/Oof2.uasset" 164
"../../../../../../Users/justi/OneDrive/Documents/GitHub/WithFriends/With_Friends/Content/Art/Character_Models/Adventurer/villager_walking_updated_PhysicsAsset.uasset" 165
"../../../../../../Users/justi/OneDrive/Documents/GitHub/WithFriends/With_Friends/Content/Art/Character_Models/Adventurer/villagerpersonagain.uasset" 166
"../../../../../../Users/justi/OneDrive/Documents/GitHub/WithFriends/With_Friends/Content/Art/Character_Models/Adventurer/villagerpersonagain_Mat.uasset" 167
"../../../../../../Users/justi/OneDrive/Documents/GitHub/WithFriends/With_Friends/Content/Art/Character_Models/Adventurer/villager_walking_updated_Skeleton.uasset" 168
"../../../../../../Users/justi/OneDrive/Documents/GitHub/WithFriends/With_Friends/Content/Art/Character_Models/Adventurer/villager_walking_updated.uasset" 169
"../../../../../../Users/justi/OneDrive/Documents/GitHub/WithFriends/With_Friends/Content/Art/Character_Models/Adventurer/vilager_with_punch_Anim.uasset" 170
"../../../../../../Users/justi/OneDrive/Documents/GitHub/WithFriends/With_Friends/Content/Art/Character_Models/Adventurer/vilager_with_punch_Anim_Montage.uasset" 171
"../../../../../../Users/justi/OneDrive/Documents/GitHub/WithFriends/With_Friends/Content/Art/Character_Models/Adventurer/hilt.uasset" 172
"../../../../../../Users/justi/OneDrive/Documents/GitHub/WithFriends/With_Friends/Content/Art/Character_Models/Adventurer/blade.uasset" 173
"../../../../../../Users/justi/OneDrive/Documents/GitHub/WithFriends/With_Friends/Content/Art/Character_Models/Adventurer/bigsword.uasset" 174
"../../../../../../Users/justi/OneDrive/Documents/GitHub/WithFriends/With_Friends/Content/Art/Character_Models/Adventurer/villager_with_run_Anim.uasset" 175
"../../../../../../Users/justi/OneDrive/Documents/GitHub/WithFriends/With_Friends/Content/Art/Character_Models/Adventurer/villager_with_idle_Anim.uasset" 176
"../../../../../../Users/justi/OneDrive/Documents/GitHub/WithFriends/With_Friends/Content/Art/Character_Models/Adventurer/villager_walking_updated_Anim.uasset" 177
"../../../../../../Users/justi/OneDrive/Documents/GitHub/WithFriends/With_Friends/Content/Art/Character_Models/Adventurer/Adventurer_AnimBP.uasset" 178
"../../../../../../Users/justi/OneDrive/Documents/GitHub/WithFriends/With_Friends/Content/Art/UI/Widget_GameOver.uasset" 179
"../../../../../../Users/justi/OneDrive/Documents/GitHub/WithFriends/With_Friends/Content/Blueprints/Character/Movement/Player_Adventurer.uasset" 180
"../../../../../../Users/justi/OneDrive/Documents/GitHub/WithFriends/With_Friends/Content/Blueprints/Game/GameManager.uasset" 181
"../../../../../../Users/justi/OneDrive/Documents/GitHub/WithFriends/With_Friends/Content/Art/UI/Widget_HP.uasset" 182
"../../../../../../Users/justi/OneDrive/Documents/GitHub/WithFriends/With_Friends/Content/Art/UI/Widget_PlayerHUD.uasset" 183
"../../../../../../Users/justi/OneDrive/Documents/GitHub/WithFriends/With_Friends/Content/Blueprints/Character/Movement/PlayerControllerTEST.uasset" 184
"../../../../../../Users/justi/OneDrive/Documents/GitHub/WithFriends/With_Friends/Content/Art/UI/Widget_EnterMainVillage.uasset" 185
"../../../../../../Users/justi/OneDrive/Documents/GitHub/WithFriends/With_Friends/Content/Blueprints/DoorTriggers/MainVillage_DoorTrigger.uasset" 186
"../../../../../../Users/justi/OneDrive/Documents/GitHub/WithFriends/With_Friends/Content/Blueprints/DoorTriggers/Home1_InnerDoorTrigger.uasset" 187
"../../../../../../Users/justi/OneDrive/Documents/GitHub/WithFriends/With_Friends/Content/Blueprints/DoorTriggers/Home2_DoorTrigger.uasset" 188
"../../../../../../Users/justi/OneDrive/Documents/GitHub/WithFriends/With_Friends/Content/Blueprints/DoorTriggers/Home2_InnerDoorTrigger.uasset" 189
"../../../../../../Users/justi/OneDrive/Documents/GitHub/WithFriends/With_Friends/Content/Blueprints/DoorTriggers/Home3_DoorTrigger.uasset" 190
"../../../../../../Users/justi/OneDrive/Documents/GitHub/WithFriends/With_Friends/Content/Art/Materials/Speed_Material.uasset" 191
"../../../../../../Users/justi/OneDrive/Documents/GitHub/WithFriends/With_Friends/Content/Blueprints/Pickups/21325_Lightning_Bolt_v1Mat.uasset" 192
"../../../../../../Users/justi/OneDrive/Documents/GitHub/WithFriends/With_Friends/Content/Blueprints/Pickups/Chest/ChestOpenAnimation_PhysicsAsset.uasset" 193
"../../../../../../Users/justi/OneDrive/Documents/GitHub/WithFriends/With_Friends/Content/Blueprints/Pickups/Chest/ChestOpenAnimation_Skeleton.uasset" 194
"../../../../../../Users/justi/OneDrive/Documents/GitHub/WithFriends/With_Friends/Content/Blueprints/Pickups/Chest/TopTextures/chest1_roughness.uasset" 195
"../../../../../../Users/justi/OneDrive/Documents/GitHub/WithFriends/With_Friends/Content/Blueprints/Pickups/Chest/TopTextures/chest1_occlusion.uasset" 196
"../../../../../../Users/justi/OneDrive/Documents/GitHub/WithFriends/With_Friends/Content/Blueprints/Pickups/Chest/TopTextures/chest1_normals.uasset" 197
"../../../../../../Users/justi/OneDrive/Documents/GitHub/WithFriends/With_Friends/Content/Blueprints/Pickups/Chest/TopTextures/chest1_metallic.uasset" 198
"../../../../../../Users/justi/OneDrive/Documents/GitHub/WithFriends/With_Friends/Content/Blueprints/Pickups/Chest/TopTextures/chest1_base.uasset" 199
"../../../../../../Users/justi/OneDrive/Documents/GitHub/WithFriends/With_Friends/Content/Art/Materials/M_ChestTop.uasset" 200
"../../../../../../Users/justi/OneDrive/Documents/GitHub/WithFriends/With_Friends/Content/Blueprints/Pickups/Chest/BottomTextures/chest2_roughness.uasset" 201
"../../../../../../Users/justi/OneDrive/Documents/GitHub/WithFriends/With_Friends/Content/Blueprints/Pickups/Chest/BottomTextures/chest2_occlusion.uasset" 202
"../../../../../../Users/justi/OneDrive/Documents/GitHub/WithFriends/With_Friends/Content/Blueprints/Pickups/Chest/BottomTextures/chest2_normals.uasset" 203
"../../../../../../Users/justi/OneDrive/Documents/GitHub/WithFriends/With_Friends/Content/Blueprints/Pickups/Chest/BottomTextures/chest2_metallic.uasset" 204
"../../../../../../Users/justi/OneDrive/Documents/GitHub/WithFriends/With_Friends/Content/Blueprints/Pickups/Chest/BottomTextures/chest2_base.uasset" 205
"../../../../../../Users/justi/OneDrive/Documents/GitHub/WithFriends/With_Friends/Content/Art/Materials/M_ChestBottom.uasset" 206
"../../../../../../Users/justi/OneDrive/Documents/GitHub/WithFriends/With_Friends/Content/Blueprints/Pickups/Chest/ChestOpenAnimation.uasset" 207
"../../../../../../Users/justi/OneDrive/Documents/GitHub/WithFriends/With_Friends/Content/Blueprints/Pickups/Lightning.uasset" 208
"../../../../../../Users/justi/OneDrive/Documents/GitHub/WithFriends/With_Friends/Content/Blueprints/Pickups/Chest/BaseSpawnItem.uasset" 209
"../../../../../../Users/justi/OneDrive/Documents/GitHub/WithFriends/With_Friends/Content/Blueprints/Pickups/Speed_Pickup.uasset" 210
"../../../../../../Users/justi/OneDrive/Documents/GitHub/WithFriends/With_Friends/Content/Blueprints/Pickups/Fake_Speed.uasset" 211
"../../../../../../Users/justi/OneDrive/Documents/GitHub/WithFriends/With_Friends/Content/Art/Materials/Heart_Material.uasset" 212
"../../../../../../Users/justi/OneDrive/Documents/GitHub/WithFriends/With_Friends/Content/Blueprints/Pickups/Material__30.uasset" 213
"../../../../../../Users/justi/OneDrive/Documents/GitHub/WithFriends/With_Friends/Content/Blueprints/Pickups/Love.uasset" 214
"../../../../../../Users/justi/OneDrive/Documents/GitHub/WithFriends/With_Friends/Content/Blueprints/Pickups/Health_Pickup.uasset" 215
"../../../../../../Users/justi/OneDrive/Documents/GitHub/WithFriends/With_Friends/Content/Blueprints/Pickups/Fake_Heart.uasset" 216
"../../../../../../Users/justi/OneDrive/Documents/GitHub/WithFriends/With_Friends/Content/Blueprints/Pickups/Chest/SpawnPoint.uasset" 217
"../../../../../../Users/justi/OneDrive/Documents/GitHub/WithFriends/With_Friends/Content/Art/Animation/ChestOpen.uasset" 218
"../../../../../../Users/justi/OneDrive/Documents/GitHub/WithFriends/With_Friends/Content/Blueprints/Pickups/Random_Chest.uasset" 219
"../../../../../../Users/justi/OneDrive/Documents/GitHub/WithFriends/With_Friends/Content/Blueprints/Pickups/Chest.uasset" 220
"../../../../../../Users/justi/OneDrive/Documents/GitHub/WithFriends/With_Friends/Content/Blueprints/Pickups/Chest/Chest.uasset" 221
"../../../../../../Users/justi/OneDrive/Documents/GitHub/WithFriends/With_Friends/Content/Blueprints/Pickups/Chest/ChestModel_LOW1.uasset" 222
"../../../../../../Users/justi/OneDrive/Documents/GitHub/WithFriends/With_Friends/Content/Blueprints/Pickups/Chest/ChestModel_LOW2.uasset" 223
"../../../../../../Users/justi/OneDrive/Documents/GitHub/WithFriends/With_Friends/Content/Art/Character_Models/Catfbx.uasset" 224
"../../../../../../Users/justi/OneDrive/Documents/GitHub/WithFriends/With_Friends/Content/Art/Materials/Mat_NPCTEST.uasset" 225
"../../../../../../Users/justi/OneDrive/Documents/GitHub/WithFriends/With_Friends/Content/Blueprints/Villagers/NPC_Chonky.uasset" 226
"../../../../../../Users/justi/OneDrive/Documents/GitHub/WithFriends/With_Friends/Content/Blueprints/Villagers/AI/Dialogue/NPC_DialogueTest.uasset" 227
"../../../../../../Users/justi/OneDrive/Documents/GitHub/WithFriends/With_Friends/Content/Art/UI/Widget_EnterHome.uasset" 228
"../../../../../../Users/justi/OneDrive/Documents/GitHub/WithFriends/With_Friends/Content/Blueprints/DoorTriggers/Home1_DoorTrigger.uasset" 229
"../../../../../../Users/justi/OneDrive/Documents/GitHub/WithFriends/With_Friends/Content/Levels/Home1_DoorTrigger_Blueprint.uasset" 230
"../../../../../../Users/justi/OneDrive/Documents/GitHub/WithFriends/With_Friends/Content/Sound/HealthPotion1.uasset" 231
"../../../../../../Users/justi/OneDrive/Documents/GitHub/WithFriends/With_Friends/Content/Sound/HealthPotion2.uasset" 232
"../../../../../../Users/justi/OneDrive/Documents/GitHub/WithFriends/With_Friends/Content/Sound/HealthPotion3.uasset" 233
"../../../../../../Users/justi/OneDrive/Documents/GitHub/WithFriends/With_Friends/Content/Sound/Hit1.uasset" 234
"../../../../../../Users/justi/OneDrive/Documents/GitHub/WithFriends/With_Friends/Content/Sound/Hit3.uasset" 235
"../../../../../../Users/justi/OneDrive/Documents/GitHub/WithFriends/With_Friends/Content/Sound/Hit5.uasset" 236
"../../../../../../Users/justi/OneDrive/Documents/GitHub/WithFriends/With_Friends/Content/Sound/Hit6.uasset" 237
"../../../../../../Users/justi/OneDrive/Documents/GitHub/WithFriends/With_Friends/Content/Sound/Hit7.uasset" 238
"../../../../../../Users/justi/OneDrive/Documents/GitHub/WithFriends/With_Friends/Content/Sound/MenuSelect.uasset" 239
"../../../../../../Users/justi/OneDrive/Documents/GitHub/WithFriends/With_Friends/Content/Sound/Oof2.uasset" 240
"../../../../../../Users/justi/OneDrive/Documents/GitHub/WithFriends/With_Friends/Content/Sound/Oof4.uasset" 241
"../../../../../../Users/justi/OneDrive/Documents/GitHub/WithFriends/With_Friends/Content/Sound/Oof5.uasset" 242
"../../../../../../Users/justi/OneDrive/Documents/GitHub/WithFriends/With_Friends/Content/Sound/Oof6.uasset" 243
"../../../../../../Users/justi/OneDrive/Documents/GitHub/WithFriends/With_Friends/Content/Sound/Oof7.uasset" 244
"../../../../../../Users/justi/OneDrive/Documents/GitHub/WithFriends/With_Friends/Content/Sound/Oof8.uasset" 245
"../../../../../../Users/justi/OneDrive/Documents/GitHub/WithFriends/With_Friends/Content/Sound/SeriousFootstepsFast.uasset" 246
"../../../../../../Users/justi/OneDrive/Documents/GitHub/WithFriends/With_Friends/Content/Sound/SwordSwish4.uasset" 247
"../../../../../../Users/justi/OneDrive/Documents/GitHub/WithFriends/With_Friends/Content/Sound/SwordSwish5.uasset" 248
"../../../../../../Users/justi/OneDrive/Documents/GitHub/WithFriends/With_Friends/Content/Unreal_Example_Map/Mannequin/Character/Mesh/UE4_Mannequin_Skeleton.uasset" 249
"../../../../../../Users/justi/OneDrive/Documents/GitHub/WithFriends/With_Friends/Content/Unreal_Example_Map/Mannequin/Animations/ThirdPersonJump_End.uasset" 250
"../../../../../../Users/justi/OneDrive/Documents/GitHub/WithFriends/With_Friends/Content/Unreal_Example_Map/Mannequin/Character/Mesh/SK_Mannequin_Female_PhysicsAsset.uasset" 251
"../../../../../../Users/justi/OneDrive/Documents/GitHub/WithFriends/With_Friends/Content/Unreal_Example_Map/Mannequin/Character/Textures/T_UE4Logo_N.uasset" 252
"../../../../../../Users/justi/OneDrive/Documents/GitHub/WithFriends/With_Friends/Content/Unreal_Example_Map/Mannequin/Character/Textures/T_UE4Logo_Mask.uasset" 253
"../../../../../../Users/justi/OneDrive/Documents/GitHub/WithFriends/With_Friends/Content/Unreal_Example_Map/Mannequin/Character/Textures/T_Male_N.uasset" 254
"../../../../../../Users/justi/OneDrive/Documents/GitHub/WithFriends/With_Friends/Content/Unreal_Example_Map/Mannequin/Character/Textures/T_Male_Mask.uasset" 255
"../../../../../../Users/justi/OneDrive/Documents/GitHub/WithFriends/With_Friends/Content/Unreal_Example_Map/Mannequin/Character/Materials/MaterialLayers/T_ML_Rubber_Blue_01_N.uasset" 256
"../../../../../../Users/justi/OneDrive/Documents/GitHub/WithFriends/With_Friends/Content/Unreal_Example_Map/Mannequin/Character/Materials/MaterialLayers/T_ML_Rubber_Blue_01_D.uasset" 257
"../../../../../../Users/justi/OneDrive/Documents/GitHub/WithFriends/With_Friends/Content/Unreal_Example_Map/Mannequin/Character/Materials/MaterialLayers/T_ML_Aluminum01_N.uasset" 258
"../../../../../../Users/justi/OneDrive/Documents/GitHub/WithFriends/With_Friends/Content/Unreal_Example_Map/Mannequin/Character/Materials/MaterialLayers/T_ML_Aluminum01.uasset" 259
"../../../../../../Users/justi/OneDrive/Documents/GitHub/WithFriends/With_Friends/Content/Unreal_Example_Map/Mannequin/Character/Materials/MaterialLayers/ML_SoftMetal_UE4.uasset" 260
"../../../../../../Users/justi/OneDrive/Documents/GitHub/WithFriends/With_Friends/Content/Unreal_Example_Map/Mannequin/Character/Materials/MaterialLayers/ML_Plastic_Shiny_Beige_LOGO.uasset" 261
"../../../../../../Users/justi/OneDrive/Documents/GitHub/WithFriends/With_Friends/Content/Unreal_Example_Map/Mannequin/Character/Materials/MaterialLayers/ML_Plastic_Shiny_Beige.uasset" 262
"../../../../../../Users/justi/OneDrive/Documents/GitHub/WithFriends/With_Friends/Content/Unreal_Example_Map/Mannequin/Character/Materials/MaterialLayers/ML_GlossyBlack_Latex_UE4.uasset" 263
"../../../Engine/Content/Functions/MaterialLayerFunctions/MatLayerBlend_Simple.uasset" 264
"../../../Engine/Content/Functions/Engine_MaterialFunctions02/Utility/BlendAngleCorrectedNormals.uasset" 265
"../../../Engine/Content/Functions/MaterialLayerFunctions/MatLayerBlend_NormalBlend.uasset" 266
"../../../../../../Users/justi/OneDrive/Documents/GitHub/WithFriends/With_Friends/Content/Unreal_Example_Map/Mannequin/Character/Materials/M_Male_Body.uasset" 267
"../../../../../../Users/justi/OneDrive/Documents/GitHub/WithFriends/With_Friends/Content/Unreal_Example_Map/Mannequin/Character/Materials/M_UE4Man_ChestLogo.uasset" 268
"../../../../../../Users/justi/OneDrive/Documents/GitHub/WithFriends/With_Friends/Content/Unreal_Example_Map/Mannequin/Character/Textures/T_Female_N.uasset" 269
"../../../../../../Users/justi/OneDrive/Documents/GitHub/WithFriends/With_Friends/Content/Unreal_Example_Map/Mannequin/Character/Textures/T_Female_Mask.uasset" 270
"../../../../../../Users/justi/OneDrive/Documents/GitHub/WithFriends/With_Friends/Content/Unreal_Example_Map/Mannequin/Character/Materials/MI_Female_Body.uasset" 271
"../../../../../../Users/justi/OneDrive/Documents/GitHub/WithFriends/With_Friends/Content/Unreal_Example_Map/Mannequin/Character/Mesh/SK_Mannequin_Female.uasset" 272
"../../../../../../Users/justi/OneDrive/Documents/GitHub/WithFriends/With_Friends/Content/Unreal_Example_Map/ThirdPersonBP/ThirdPersonOverview.uasset" 273
"../../../Engine/Content/EngineMaterials/T_Default_Material_Grid_N.uasset" 274
"../../../Engine/Content/EngineMaterials/T_Default_Material_Grid_M.uasset" 275
"../../../Engine/Content/Functions/Engine_MaterialFunctions01/Opacity/CameraDepthFade.uasset" 276
"../../../Engine/Content/EngineMaterials/WorldGridMaterial.uasset" 277
"../../../Engine/Content/ArtTools/RenderToTexture/Meshes/S_1_Unit_Plane.uasset" 278
"../../../Engine/Content/EngineMaterials/DefaultMaterial.uasset" 279
"../../../Engine/Content/BasicShapes/Sphere.uasset" 280
"../../../Engine/Content/EditorLandscapeResources/DataLayer.uasset" 281
"../../../Engine/Content/EditorLandscapeResources/DefaultAlphaTexture.uasset" 282
"../../../Engine/Content/EditorMaterials/MAT_Groups_Toggle.uasset" 283
"../../../Engine/Content/EditorMaterials/MAT_Groups_Visibility.uasset" 284
"../../../Engine/Content/EditorMaterials/PreviewShadowIndicator.uasset" 285
"../../../Engine/Content/EditorMaterials/PreviewShadowIndicatorMaterial.uasset" 286
"../../../Engine/Content/EditorMaterials/MatineeGroups/MAT_ColorTrack.uasset" 287
"../../../Engine/Content/EditorMaterials/MatineeGroups/MAT_Groups_Anim.uasset" 288
"../../../Engine/Content/EditorMaterials/MatineeGroups/MAT_Groups_AudioMaster.uasset" 289
"../../../Engine/Content/EditorMaterials/MatineeGroups/MAT_Groups_Director.uasset" 290
"../../../Engine/Content/EditorMaterials/MatineeGroups/MAT_Groups_Event.uasset" 291
"../../../Engine/Content/EditorMaterials/MatineeGroups/MAT_Groups_Fade.uasset" 292
"../../../Engine/Content/EditorMaterials/MatineeGroups/MAT_Groups_Float.uasset" 293
"../../../Engine/Content/EditorMaterials/MatineeGroups/MAT_Groups_Move.uasset" 294
"../../../Engine/Content/EditorMaterials/MatineeGroups/MAT_Groups_Slomo.uasset" 295
"../../../Engine/Content/EditorMaterials/MatineeGroups/MAT_Groups_Sound.uasset" 296
"../../../Engine/Content/EditorMaterials/MatineeGroups/MAT_Groups_Vector.uasset" 297
"../../../Engine/Content/EditorMaterials/ParticleSystems/PSysThumbnail_NoImage.uasset" 298
"../../../Engine/Content/EditorMaterials/ParticleSystems/PSysThumbnail_OOD.uasset" 299
"../../../Engine/Content/EditorMaterials/Camera/CineMat.uasset" 300
"../../../Engine/Content/EditorMaterials/Camera/MI_CineMat_Rig.uasset" 301
"../../../Engine/Content/EditorMeshes/Camera/SM_CraneRig_Arm.uasset" 302
"../../../Engine/Content/EditorMeshes/Camera/SM_CraneRig_Base.uasset" 303
"../../../Engine/Content/EditorMeshes/Camera/SM_CraneRig_Body.uasset" 304
"../../../Engine/Content/EditorMeshes/Camera/SM_CraneRig_Mount.uasset" 305
"../../../Engine/Content/EditorMeshes/Camera/SM_RailRig_Mount.uasset" 306
"../../../Engine/Content/EditorMeshes/Camera/SM_RailRig_Track.uasset" 307
"../../../Engine/Content/EditorResources/BSPVertex.uasset" 308
"../../../Engine/Content/EditorResources/EmptyActor.uasset" 309
"../../../Engine/Content/EditorResources/S_Actor.uasset" 310
"../../../Engine/Content/EditorResources/S_Note.uasset" 311
"../../../Engine/Content/EditorResources/S_Solver.uasset" 312
"../../../Engine/Content/EditorResources/S_Terrain.uasset" 313
"../../../Engine/Content/EditorResources/S_Trigger.uasset" 314
"../../../Engine/Content/EditorResources/LightIcons/S_LightError.uasset" 315
"../../../Engine/Content/EditorResources/SequenceRecorder/Countdown.uasset" 316
"../../../Engine/Content/EditorResources/SequenceRecorder/RecordingIndicator.uasset" 317
"../../../Engine/Content/EngineDamageTypes/DmgTypeBP_Environmental.uasset" 318
"../../../Engine/Content/EngineDebugMaterials/DebugEditorMaterial.uasset" 319
"../../../Engine/Content/EngineDebugMaterials/DebugMeshMaterial.uasset" 320
"../../../Engine/Content/EngineDebugMaterials/M_SimpleUnlitTranslucent.uasset" 321
"../../../Engine/Content/EngineDebugMaterials/VolumeToRender.uasset" 322
"../../../Engine/Content/Functions/Engine_MaterialFunctions02/Utility/CameraDirectionVector.uasset" 323
"../../../Engine/Content/EngineDebugMaterials/M_VolumeRenderSphereTracePP.uasset" 324
"../../../Engine/Content/Functions/Engine_MaterialFunctions01/Shading/ConvertFromDiffSpec.uasset" 325
"../../../Engine/Content/EngineDebugMaterials/VertexColorMaterial.uasset" 326
"../../../Engine/Content/EngineDebugMaterials/WireframeMaterial.uasset" 327
"../../../Engine/Content/EngineFonts/Faces/RobotoRegular.uasset" 328
"../../../Engine/Content/EngineFonts/Faces/RobotoLight.uasset" 329
"../../../Engine/Content/EngineFonts/Faces/RobotoItalic.uasset" 330
"../../../Engine/Content/EngineFonts/Faces/RobotoBoldItalic.uasset" 331
"../../../Engine/Content/EngineFonts/Faces/RobotoBold.uasset" 332
"../../../Engine/Content/EngineFonts/Faces/DroidSansFallback.uasset" 333
"../../../Engine/Content/EngineFonts/Roboto.uasset" 334
"../../../Engine/Content/EngineMaterials/BaseFlattenNormalMap.uasset" 335
"../../../Engine/Content/EngineMaterials/BaseFlattenGrayscaleMap.uasset" 336
"../../../Engine/Content/EngineMaterials/BaseFlattenEmissiveMap.uasset" 337
"../../../Engine/Content/EngineMaterials/BaseFlattenDiffuseMap.uasset" 338
"../../../Engine/Content/EngineMaterials/BaseFlattenMaterial.uasset" 339
"../../../Engine/Content/EngineMaterials/BlueNoise.uasset" 340
"../../../Engine/Content/EngineMaterials/DefaultBloomKernel.uasset" 341
"../../../Engine/Content/EngineMaterials/DefaultBokeh.uasset" 342
"../../../Engine/Content/EngineMaterials/DefaultDiffuse.uasset" 343
"../../../Engine/Content/EngineMaterials/DefaultDeferredDecalMaterial.uasset" 344
"../../../Engine/Content/EngineMaterials/DefaultLightFunctionMaterial.uasset" 345
"../../../Engine/Content/Functions/Engine_MaterialFunctions02/Utility/BreakOutFloat2Components.uasset" 346
"../../../Engine/Content/EngineMaterials/DefaultPostProcessMaterial.uasset" 347
"../../../Engine/Content/EngineFonts/RobotoDistanceField.uasset" 348
"../../../Engine/Content/EngineMaterials/DefaultTextMaterialOpaque.uasset" 349
"../../../Engine/Content/EngineMaterials/DefaultWhiteGrid.uasset" 350
"../../../Engine/Content/EngineMaterials/DefaultWhiteGrid_Low.uasset" 351
"../../../Engine/Content/EngineMaterials/EmissiveMeshMaterial.uasset" 352
"../../../Engine/Content/EngineMaterials/GizmoMaterial.uasset" 353
"../../../Engine/Content/EngineMaterials/Good64x64TilingNoiseHighFreq.uasset" 354
"../../../Engine/Content/EngineMaterials/MiniFont.uasset" 355
"../../../Engine/Content/EngineMaterials/InvalidLightmapSettings.uasset" 356
"../../../Engine/Content/EngineMaterials/M_InvalidLightmapSettings.uasset" 357
"../../../Engine/Content/Functions/Engine_MaterialFunctions02/WorldPositionOffset/CameraOffset.uasset" 358
"../../../Engine/Content/EngineMaterials/PhAT_JointLimitMaterial.uasset" 359
"../../../Engine/Content/EngineMaterials/PreintegratedSkinBRDF.uasset" 360
"../../../Engine/Content/EngineMaterials/RemoveSurfaceMaterial.uasset" 361
"../../../Engine/Content/EngineMaterials/WeightMapPlaceholderTexture.uasset" 362
"../../../Engine/Content/EngineResources/WhiteSquareTexture.uasset" 363
"../../../Engine/Content/EngineMaterials/Widget3DPassThrough.uasset" 364
"../../../Engine/Content/EngineMaterials/Widget3DPassThrough_Masked.uasset" 365
"../../../Engine/Content/EngineMaterials/Widget3DPassThrough_Opaque.uasset" 366
"../../../Engine/Content/EngineMaterials/Widget3DPassThrough_Masked_OneSided.uasset" 367
"../../../Engine/Content/EngineMaterials/Widget3DPassThrough_Opaque_OneSided.uasset" 368
"../../../Engine/Content/EngineMaterials/Widget3DPassThrough_Translucent.uasset" 369
"../../../Engine/Content/EngineMaterials/Widget3DPassThrough_Translucent_OneSided.uasset" 370
"../../../Engine/Content/EngineMeshes/Cylinder.uasset" 371
"../../../Engine/Content/EngineMeshes/Sphere.uasset" 372
"../../../Engine/Content/EngineResources/Black.uasset" 373
"../../../Engine/Content/EngineResources/DefaultTextureCube.uasset" 374
"../../../Engine/Content/EngineResources/DefaultVolumeTexture2D.uasset" 375
"../../../Engine/Content/EngineResources/DefaultVolumeTexture.uasset" 376
"../../../Engine/Content/EngineResources/GradientTexture0.uasset" 377
"../../../Engine/Content/EngineSky/VolumetricClouds/T_NoiseShape64.uasset" 378
"../../../Engine/Content/EngineSky/VolumetricClouds/T_VolumeNoiseShape64.uasset" 379
"../../../Engine/Content/EngineSky/VolumetricClouds/T_NoiseErosion.uasset" 380
"../../../Engine/Content/EngineSky/VolumetricClouds/T_VolumeNoiseErosion32.uasset" 381
"../../../Engine/Content/EngineSky/VolumetricClouds/CloudWeatherTexture.uasset" 382
"../../../Engine/Content/EngineSky/VolumetricClouds/CloudGradientTexture.uasset" 383
"../../../Engine/Content/Functions/Engine_MaterialFunctions02/Utility/MakeFloat2.uasset" 384
"../../../Engine/Content/EngineSky/VolumetricClouds/m_SimpleVolumetricCloud.uasset" 385
"../../../Engine/Content/EngineSky/VolumetricClouds/m_SimpleVolumetricCloud_Inst.uasset" 386
"../../../Engine/Content/EngineSounds/Master.uasset" 387
"../../../Engine/Content/Functions/Engine_MaterialFunctions01/Shading/PowerToRoughness.uasset" 388
"../../../Engine/Content/Maps/Templates/Thumbnails/Default.uasset" 389
"../../../Engine/Content/Maps/Templates/Thumbnails/TimeOfDay.uasset" 390
"../../../Engine/Content/Maps/Templates/Thumbnails/VR-Basic.uasset" 391
"../../../Engine/Content/MobileResources/T_MobileControls_texture.uasset" 392
"../../../Engine/Content/MobileResources/T_MobileMenu2.uasset" 393
"../../../Engine/Content/MobileResources/HUD/AnalogHat.uasset" 394
"../../../Engine/Content/MobileResources/HUD/VirtualJoystick_Thumb.uasset" 395
"../../../Engine/Content/MobileResources/HUD/VirtualJoystick_Background.uasset" 396
"../../../Engine/Content/MobileResources/HUD/DefaultVirtualJoysticks.uasset" 397
"../../../Engine/Content/MobileResources/HUD/LeftVirtualJoystickOnly.uasset" 398
"../../../Engine/Content/MobileResources/HUD/MobileHUDButton1_off.uasset" 399
"../../../Engine/Content/MobileResources/HUD/MobileHUDButton1_on.uasset" 400
"../../../Engine/Content/MobileResources/HUD/MobileHUDButton2_off.uasset" 401
"../../../Engine/Content/MobileResources/HUD/MobileHUDButton2_on.uasset" 402
"../../../Engine/Content/MobileResources/HUD/MobileHUDButton3.uasset" 403
"../../../Engine/Content/MobileResources/HUD/MobileHUDButtonFire.uasset" 404
"../../../Engine/Content/MobileResources/HUD/MobileHUDDirectionPad.uasset" 405
"../../../Engine/Content/MobileResources/HUD/MobileHUDDirectionPad2.uasset" 406
"../../../Engine/Content/MobileResources/HUD/MobileHUDDirectionPad3.uasset" 407
"../../../Engine/Content/MobileResources/HUD/MobileHUDDirectionStick.uasset" 408
"../../../Engine/Content/MobileResources/HUD/T_Castle_ThumbstickInner.uasset" 409
"../../../Engine/Content/MobileResources/HUD/T_Castle_ThumbstickOutter.uasset" 410
"../../../Engine/Content/Tutorial/ContentIntroCurve.uasset" 411
"../../../Engine/Content/Tutorial/Basics/LevelEditorAttract.uasset" 412
"../../../Engine/Content/Tutorial/Basics/TutorialAssets/icon_tab_Levels_40x.uasset" 413
"../../../Engine/Content/Tutorial/Basics/LevelEditorOverview.uasset" 414
"../../../Engine/Content/VREditor/TransformGizmo/TranslucentTransformGizmoMaterial.uasset" 415
"../../../Engine/Content/VREditor/LaserPointer/VR_LaserPower_01.uasset" 416
"../../../Engine/Content/VREditor/TransformGizmo/TransformGizmoMaterial.uasset" 417
"../../../Engine/Content/VREditor/TransformGizmo/BoundingBoxCorner.uasset" 418
"../../../Engine/Content/VREditor/TransformGizmo/BoundingBoxEdge.uasset" 419
"../../../Engine/Content/VREditor/TransformGizmo/PlaneTranslationHandle.uasset" 420
"../../../Engine/Content/VREditor/TransformGizmo/Xray.uasset" 421
"../../../Engine/Content/VREditor/TransformGizmo/Main.uasset" 422
"../../../Engine/Content/VREditor/TransformGizmo/SM_Sequencer_Key.uasset" 423
"../../../Engine/Content/VREditor/TransformGizmo/SM_Sequencer_Node.uasset" 424
"../../Plugins/2D/Paper2D/Content/PlaceholderTextures/DummySpriteTexture.uasset" 425
"../../Plugins/2D/Paper2D/Content/DummySprite.uasset" 426
"../../Plugins/2D/Paper2D/Content/DefaultPaperTerrainMaterial.uasset" 427
"../../Plugins/2D/Paper2D/Content/DefaultSpriteMaterial.uasset" 428
"../../Plugins/2D/Paper2D/Content/MaskedUnlitSpriteMaterial.uasset" 429
"../../Plugins/2D/Paper2D/Content/OpaqueUnlitSpriteMaterial.uasset" 430
"../../../Engine/Content/Functions/Engine_MaterialFunctions02/Utility/BreakOutFloat3Components.uasset" 431
"../../Plugins/Editor/SpeedTreeImporter/Content/SpeedTree9/UnpackInteger3.uasset" 432
"../../Plugins/Editor/SpeedTreeImporter/Content/SpeedTree9/UnpackDirection.uasset" 433
"../../Plugins/Editor/SpeedTreeImporter/Content/SpeedTree9/game_wind_noise.uasset" 434
"../../../Engine/Content/Functions/Engine_MaterialFunctions02/SafeNormalize.uasset" 435
"../../Plugins/Editor/SpeedTreeImporter/Content/SpeedTree9/SpeedTreeWindMotion.uasset" 436
"../../Plugins/Editor/SpeedTreeImporter/Content/SpeedTree9/SpeedTreeBranchMotion.uasset" 437
"../../../Engine/Content/Functions/Engine_MaterialFunctions02/ObjectLocalBounds.uasset" 438
"../../../Engine/Content/Functions/Engine_MaterialFunctions02/UVs/BoundingBoxBased_0-1_UVW.uasset" 439
"../../Plugins/Editor/SpeedTreeImporter/Content/SpeedTree9/SpeedTreeWind.uasset" 440
"../../Plugins/Editor/SpeedTreeImporter/Content/SpeedTree9/SpeedTreeBillboard.uasset" 441
"../../../Engine/Content/EngineResources/DefaultTexture.uasset" 442
"../../Plugins/Editor/SpeedTreeImporter/Content/SpeedTree9/SpeedTreeBillboardMaster.uasset" 443
"../../Plugins/Editor/SpeedTreeImporter/Content/SpeedTree9/SpeedTreeCameraFacing.uasset" 444
"../../Plugins/Editor/SpeedTreeImporter/Content/SpeedTree9/SpeedTreeMaster.uasset" 445
"../../../Engine/Content/ArtTools/RenderToTexture/Materials/Debug/M_Emissive_Color.uasset" 446
"../../../Engine/Content/BasicShapes/Cylinder.uasset" 447
"../../Plugins/Lumin/MagicLeapPassableWorld/Content/MagicLeapARPinInfoActor.uasset" 448
"../../../Engine/Content/Functions/Engine_MaterialFunctions02/Utility/BreakOutFloat4Components.uasset" 449
"../../../Engine/Content/Functions/Engine_MaterialFunctions02/Utility/MakeFloat3.uasset" 450
"../../Plugins/Runtime/Oculus/OculusVR/Content/Materials/OculusMR_ChromaKey.uasset" 451
"../../Plugins/Runtime/Oculus/OculusVR/Content/Materials/OculusMR_OpaqueColoredMaterial.uasset" 452
"../../Plugins/Runtime/Oculus/OculusVR/Content/Materials/PokeAHoleMaterial.uasset" 453
"../../../../../../Users/justi/OneDrive/Documents/GitHub/WithFriends/With_Friends/Content/Sound/dungeon.uasset" 454
"../../../Engine/Content/MapTemplates/SM_Template_Map_Floor.uasset" 455
"../../../../../../Users/justi/OneDrive/Documents/GitHub/WithFriends/With_Friends/Content/Levels/Dungeon_BuiltData.uasset" 456
"../../../Engine/Content/BasicShapes/Cube.uasset" 457
"../../../Engine/Content/BasicShapes/BasicShapeMaterial.uasset" 458
"../../../../../../Users/justi/OneDrive/Documents/GitHub/WithFriends/With_Friends/Content/Levels/DungeonDoor.uasset" 459
"../../../Engine/Content/BasicShapes/Plane.uasset" 460
"../../../../../../Users/justi/OneDrive/Documents/GitHub/WithFriends/With_Friends/Content/Blueprints/Pickups/Chest/Speed_Spawn.uasset" 461
"../../../../../../Users/justi/OneDrive/Documents/GitHub/WithFriends/With_Friends/Content/Blueprints/Pickups/Speed_Chest.uasset" 462
"../../../../../../Users/justi/OneDrive/Documents/GitHub/WithFriends/With_Friends/Content/Blueprints/Pickups/Chest/Health_Spawn.uasset" 463
"../../../../../../Users/justi/OneDrive/Documents/GitHub/WithFriends/With_Friends/Content/Blueprints/Pickups/Health_Chest.uasset" 464
"../../../../../../Users/justi/OneDrive/Documents/GitHub/WithFriends/With_Friends/Content/Blueprints/Enemies/Enemy_HPBar.uasset" 465
"../../../../../../Users/justi/OneDrive/Documents/GitHub/WithFriends/With_Friends/Content/Blueprints/Enemies/Enemy_CombatInterface.uasset" 466
"../../../../../../Users/justi/OneDrive/Documents/GitHub/WithFriends/With_Friends/Content/Blueprints/Enemies/AI_Tasks/MeleeAttack.uasset" 467
"../../../../../../Users/justi/OneDrive/Documents/GitHub/WithFriends/With_Friends/Content/Blueprints/Enemies/AI_Tasks/IsPlayerInRange.uasset" 468
"../../../../../../Users/justi/OneDrive/Documents/GitHub/WithFriends/With_Friends/Content/Blueprints/Enemies/AI_Tasks/FindRandomLocation.uasset" 469
"../../../../../../Users/justi/OneDrive/Documents/GitHub/WithFriends/With_Friends/Content/Blueprints/Enemies/test_player.uasset" 470
"../../../../../../Users/justi/OneDrive/Documents/GitHub/WithFriends/With_Friends/Content/Blueprints/Enemies/AI_Tasks/FindPlayerLocation.uasset" 471
"../../../../../../Users/justi/OneDrive/Documents/GitHub/WithFriends/With_Friends/Content/Blueprints/Enemies/Enemy_BlackBoard.uasset" 472
"../../../../../../Users/justi/OneDrive/Documents/GitHub/WithFriends/With_Friends/Content/Blueprints/Enemies/Enemy_BehaviorTree.uasset" 473
"../../../../../../Users/justi/OneDrive/Documents/GitHub/WithFriends/With_Friends/Content/Blueprints/Enemies/Enemy_AIController.uasset" 474
"../../../../../../Users/justi/OneDrive/Documents/GitHub/WithFriends/With_Friends/Content/Art/Character_Models/Slime/slimebounce_Skeleton.uasset" 475
"../../../../../../Users/justi/OneDrive/Documents/GitHub/WithFriends/With_Friends/Content/Art/Character_Models/Slime/slimebounce_Anim.uasset" 476
"../../../../../../Users/justi/OneDrive/Documents/GitHub/WithFriends/With_Friends/Content/Art/Character_Models/Slime/Slime_AnimBP.uasset" 477
"../../../../../../Users/justi/OneDrive/Documents/GitHub/WithFriends/With_Friends/Content/Art/Character_Models/Slime/slimebounce_PhysicsAsset.uasset" 478
"../../../../../../Users/justi/OneDrive/Documents/GitHub/WithFriends/With_Friends/Content/Art/Character_Models/Slime/aiStandardSurface3.uasset" 479
"../../../../../../Users/justi/OneDrive/Documents/GitHub/WithFriends/With_Friends/Content/Art/Character_Models/Slime/slimebounce.uasset" 480
"../../../../../../Users/justi/OneDrive/Documents/GitHub/WithFriends/With_Friends/Content/Art/Character_Models/KingSlime/slimemain.uasset" 481
"../../../../../../Users/justi/OneDrive/Documents/GitHub/WithFriends/With_Friends/Content/Art/Character_Models/KingSlime/slimemain_Mat.uasset" 482
"../../../../../../Users/justi/OneDrive/Documents/GitHub/WithFriends/With_Friends/Content/Blueprints/Enemies/Enemy_TestActor.uasset" 483
"../../../../../../Users/justi/OneDrive/Documents/GitHub/WithFriends/With_Friends/Content/Art/Character_Models/KingSlime/stache2.uasset" 484
"../../../../../../Users/justi/OneDrive/Documents/GitHub/WithFriends/With_Friends/Content/Art/Character_Models/KingSlime/stache2_Mat.uasset" 485
"../../../../../../Users/justi/OneDrive/Documents/GitHub/WithFriends/With_Friends/Content/Art/Character_Models/KingSlime/crownred2.uasset" 486
"../../../../../../Users/justi/OneDrive/Documents/GitHub/WithFriends/With_Friends/Content/Art/Character_Models/KingSlime/crownred2_Mat.uasset" 487
"../../../../../../Users/justi/OneDrive/Documents/GitHub/WithFriends/With_Friends/Content/Art/Character_Models/KingSlime/crowngold2.uasset" 488
"../../../../../../Users/justi/OneDrive/Documents/GitHub/WithFriends/With_Friends/Content/Art/Character_Models/KingSlime/crowngold2_Mat.uasset" 489
"../../../../../../Users/justi/OneDrive/Documents/GitHub/WithFriends/With_Friends/Content/Art/Character_Models/KingSlime/bossslime_Skeleton.uasset" 490
"../../../../../../Users/justi/OneDrive/Documents/GitHub/WithFriends/With_Friends/Content/Art/Character_Models/KingSlime/bossslime_Anim.uasset" 491
"../../../../../../Users/justi/OneDrive/Documents/GitHub/WithFriends/With_Friends/Content/Art/Character_Models/KingSlime/boss_AnimBP.uasset" 492
"../../../../../../Users/justi/OneDrive/Documents/GitHub/WithFriends/With_Friends/Content/Art/Character_Models/KingSlime/bossslimemain.uasset" 493
"../../../../../../Users/justi/OneDrive/Documents/GitHub/WithFriends/With_Friends/Content/Art/Character_Models/KingSlime/bossslimemain_Mat.uasset" 494
"../../../../../../Users/justi/OneDrive/Documents/GitHub/WithFriends/With_Friends/Content/Art/Character_Models/KingSlime/bossslime_PhysicsAsset.uasset" 495
"../../../../../../Users/justi/OneDrive/Documents/GitHub/WithFriends/With_Friends/Content/Art/Character_Models/KingSlime/lambert1.uasset" 496
"../../../../../../Users/justi/OneDrive/Documents/GitHub/WithFriends/With_Friends/Content/Art/Character_Models/KingSlime/crownred.uasset" 497
"../../../../../../Users/justi/OneDrive/Documents/GitHub/WithFriends/With_Friends/Content/Art/Character_Models/KingSlime/crowngold.uasset" 498
"../../../../../../Users/justi/OneDrive/Documents/GitHub/WithFriends/With_Friends/Content/Art/Character_Models/KingSlime/bossslime1.uasset" 499
"../../../../../../Users/justi/OneDrive/Documents/GitHub/WithFriends/With_Friends/Content/Art/Character_Models/KingSlime/bossslime.uasset" 500
"../../../../../../Users/justi/OneDrive/Documents/GitHub/WithFriends/With_Friends/Content/Art/UI/Widget_WinScreen.uasset" 501
"../../../../../../Users/justi/OneDrive/Documents/GitHub/WithFriends/With_Friends/Content/Blueprints/Enemies/KingSlime.uasset" 502
"../../../../../../Users/justi/OneDrive/Documents/GitHub/WithFriends/With_Friends/Content/Art/Materials/Maroon.uasset" 503
"../../../../../../Users/justi/OneDrive/Documents/GitHub/WithFriends/With_Friends/Content/Art/Materials/DungeonWallMaterial.uasset" 504
"../../../../../../Users/justi/OneDrive/Documents/GitHub/WithFriends/With_Friends/Content/Art/Materials/DungeonGroundMaterial.uasset" 505
"../../../../../../Users/justi/OneDrive/Documents/GitHub/WithFriends/With_Friends/Content/Art/Materials/DarkestGrey.uasset" 506
"../../../../../../Users/justi/OneDrive/Documents/GitHub/WithFriends/With_Friends/Content/Art/Materials/DarkestBrown.uasset" 507
"../../../../../../Users/justi/OneDrive/Documents/GitHub/WithFriends/With_Friends/Content/Art/Materials/DarkerGrey.uasset" 508
"../../../../../../Users/justi/OneDrive/Documents/GitHub/WithFriends/With_Friends/Content/Art/Materials/DarkerBrown.uasset" 509
"../../../../../../Users/justi/OneDrive/Documents/GitHub/WithFriends/With_Friends/Content/Art/Materials/DarkBrown.uasset" 510
"../../../../../../Users/justi/OneDrive/Documents/GitHub/WithFriends/With_Friends/Content/Art/Materials/BetterGold.uasset" 511
"../../../../../../Users/justi/OneDrive/Documents/GitHub/WithFriends/With_Friends/Content/Levels/Dungeon.umap" 512
"../../../Engine/Content/EngineSky/T_Sky_Stars.uasset" 513
"../../../Engine/Content/EngineSky/T_Sky_Clouds_M.uasset" 514
"../../../Engine/Content/EngineSky/T_Sky_Blue.uasset" 515
"../../../Engine/Content/EngineSky/M_Sky_Panning_Clouds2.uasset" 516
"../../../../../../Users/justi/OneDrive/Documents/GitHub/WithFriends/With_Friends/Content/Levels/DungeonRoomTest_BuiltData.uasset" 517
"../../../Engine/Content/EngineSky/SM_SkySphere.uasset" 518
"../../../Engine/Content/EngineSky/C_Sky_Zenith_Color.uasset" 519
"../../../Engine/Content/EngineSky/C_Sky_Horizon_Color.uasset" 520
"../../../Engine/Content/EngineSky/C_Sky_Cloud_Color.uasset" 521
"../../../Engine/Content/EngineSky/BP_Sky_Sphere.uasset" 522
"../../../../../../Users/justi/OneDrive/Documents/GitHub/WithFriends/With_Friends/Content/Levels/DungeonRoomTest.umap" 523
"../../../../../../Users/justi/OneDrive/Documents/GitHub/WithFriends/With_Friends/Content/Art/UI/GameOver.uasset" 524
"../../../../../../Users/justi/OneDrive/Documents/GitHub/WithFriends/With_Friends/Content/Levels/GameOver.umap" 525
"../../../../../../Users/justi/OneDrive/Documents/GitHub/WithFriends/With_Friends/Content/Sound/ambientNoise.uasset" 526
"../../../../../../Users/justi/OneDrive/Documents/GitHub/WithFriends/With_Friends/Content/Levels/MainMenu.umap" 527
"../../../../../../Users/justi/OneDrive/Documents/GitHub/WithFriends/With_Friends/Content/Sound/camp.uasset" 528
"../../../../../../Users/justi/OneDrive/Documents/GitHub/WithFriends/With_Friends/Content/Levels/MainVillage_BuiltData.uasset" 529
"../../../Engine/Content/BasicShapes/Cone.uasset" 530
"../../../../../../Users/justi/OneDrive/Documents/GitHub/WithFriends/With_Friends/Content/Art/UI/Widget_EnterDungeon.uasset" 531
"../../../../../../Users/justi/OneDrive/Documents/GitHub/WithFriends/With_Friends/Content/Blueprints/DoorTriggers/Dungeon_DoorTrigger.uasset" 532
"../../../../../../Users/justi/OneDrive/Documents/GitHub/WithFriends/With_Friends/Content/Art/Materials/HouseWall.uasset" 533
"../../../../../../Users/justi/OneDrive/Documents/GitHub/WithFriends/With_Friends/Content/Art/Materials/Grass_6.uasset" 534
"../../../../../../Users/justi/OneDrive/Documents/GitHub/WithFriends/With_Friends/Content/Art/Materials/Grass_6_Mat.uasset" 535
"../../../../../../Users/justi/OneDrive/Documents/GitHub/WithFriends/With_Friends/Content/Art/Materials/Grass.uasset" 536
"../../../../../../Users/justi/OneDrive/Documents/GitHub/WithFriends/With_Friends/Content/Art/Materials/FenceBrown.uasset" 537
"../../../../../../Users/justi/OneDrive/Documents/GitHub/WithFriends/With_Friends/Content/Art/Materials/Dirt_04.uasset" 538
"../../../../../../Users/justi/OneDrive/Documents/GitHub/WithFriends/With_Friends/Content/Art/Materials/Dirt_04_Mat.uasset" 539
"../../../../../../Users/justi/OneDrive/Documents/GitHub/WithFriends/With_Friends/Content/Art/Materials/Dirt_03.uasset" 540
"../../../../../../Users/justi/OneDrive/Documents/GitHub/WithFriends/With_Friends/Content/Art/Materials/Dirt_03_Mat.uasset" 541
"../../../../../../Users/justi/OneDrive/Documents/GitHub/WithFriends/With_Friends/Content/Art/Materials/Dirt.uasset" 542
"../../../../../../Users/justi/OneDrive/Documents/GitHub/WithFriends/With_Friends/Content/Art/Materials/DarkerRed.uasset" 543
"../../../../../../Users/justi/OneDrive/Documents/GitHub/WithFriends/With_Friends/Content/Art/Materials/WindowsBlueTint.uasset" 544
"../../../../../../Users/justi/OneDrive/Documents/GitHub/WithFriends/With_Friends/Content/Art/Materials/Rock_seamless_texture-1-2.uasset" 545
"../../../../../../Users/justi/OneDrive/Documents/GitHub/WithFriends/With_Friends/Content/Art/Materials/Rock.uasset" 546
"../../../../../../Users/justi/OneDrive/Documents/GitHub/WithFriends/With_Friends/Content/Art/Materials/Red.uasset" 547
"../../../../../../Users/justi/OneDrive/Documents/GitHub/WithFriends/With_Friends/Content/Art/Materials/Mat_ENEMYTEST.uasset" 548
"../../../../../../Users/justi/OneDrive/Documents/GitHub/WithFriends/With_Friends/Content/Art/3D_Models/sprout1.uasset" 549
"../../../../../../Users/justi/OneDrive/Documents/GitHub/WithFriends/With_Friends/Content/Art/3D_Models/sprout.uasset" 550
"../../../../../../Users/justi/OneDrive/Documents/GitHub/WithFriends/With_Friends/Content/Art/3D_Models/aiStandardSurface1.uasset" 551
"../../../../../../Users/justi/OneDrive/Documents/GitHub/WithFriends/With_Friends/Content/Art/3D_Models/cave.uasset" 552
"../../../../../../Users/justi/OneDrive/Documents/GitHub/WithFriends/With_Friends/Content/Levels/MainVillage.umap" 553
"../../../Engine/Content/EngineMaterials/DefaultPhysicalMaterial.uasset" 554
"../../../../../../Users/justi/OneDrive/Documents/GitHub/WithFriends/With_Friends/Content/Levels/ToMainVillage.umap" 555
"../../../../../../Users/justi/OneDrive/Documents/GitHub/WithFriends/With_Friends/Content/Blueprints/Pickups/Empty_Chest.uasset" 556
"../../../../../../Users/justi/OneDrive/Documents/GitHub/WithFriends/With_Friends/Content/Art/3D_Models/Wood_Table/wood_acacia_02_diff.uasset" 557
"../../../../../../Users/justi/OneDrive/Documents/GitHub/WithFriends/With_Friends/Content/Art/3D_Models/Wood_Table/Plane001Mat.uasset" 558
"../../../../../../Users/justi/OneDrive/Documents/GitHub/WithFriends/With_Friends/Content/Art/3D_Models/Wood_Table/Bond_Coffee_Table_Plane008.uasset" 559
"../../../../../../Users/justi/OneDrive/Documents/GitHub/WithFriends/With_Friends/Content/Art/3D_Models/Wood_Table/Bond_Coffee_Table_Plane007.uasset" 560
"../../../../../../Users/justi/OneDrive/Documents/GitHub/WithFriends/With_Friends/Content/Art/3D_Models/Wood_Table/Bond_Coffee_Table_Plane001.uasset" 561
"../../../../../../Users/justi/OneDrive/Documents/GitHub/WithFriends/With_Friends/Content/Art/3D_Models/Wood_Table/Object001Mat.uasset" 562
"../../../../../../Users/justi/OneDrive/Documents/GitHub/WithFriends/With_Friends/Content/Art/3D_Models/Wood_Table/Bond_Coffee_Table_Object001.uasset" 563
"../../../../../../Users/justi/OneDrive/Documents/GitHub/WithFriends/With_Friends/Content/Art/3D_Models/Table.uasset" 564
"../../../../../../Users/justi/OneDrive/Documents/GitHub/WithFriends/With_Friends/Content/Art/3D_Models/Bed_TRENDS_OBJ.uasset" 565
"../../../../../../Users/justi/OneDrive/Documents/GitHub/WithFriends/With_Friends/Content/Levels/VillagerHome1.umap" 566
"../../../../../../Users/justi/OneDrive/Documents/GitHub/WithFriends/With_Friends/Content/Levels/VillagerHome2.umap" 567
"../../../../../../Users/justi/OneDrive/Documents/GitHub/WithFriends/With_Friends/Content/Levels/VillagerHome3.umap" 568
"../../../../../../Users/justi/OneDrive/Documents/GitHub/WithFriends/With_Friends/Content/Levels/WinScreen.umap" 569
"../../../../../../Users/justi/OneDrive/Documents/GitHub/WithFriends/With_Friends/Content/Unreal_Example_Map/ThirdPersonBP/Maps/ThirdPersonExampleMap_BuiltData.uasset" 570
"../../../../../../Users/justi/OneDrive/Documents/GitHub/WithFriends/With_Friends/Content/Unreal_Example_Map/Mannequin/Character/Mesh/SK_Mannequin_PhysicsAsset.uasset" 571
"../../../../../../Users/justi/OneDrive/Documents/GitHub/WithFriends/With_Friends/Content/Unreal_Example_Map/Mannequin/Character/Mesh/SK_Mannequin.uasset" 572
"../../../../../../Users/justi/OneDrive/Documents/GitHub/WithFriends/With_Friends/Content/Unreal_Example_Map/Mannequin/Animations/ThirdPersonWalk.uasset" 573
"../../../../../../Users/justi/OneDrive/Documents/GitHub/WithFriends/With_Friends/Content/Unreal_Example_Map/Mannequin/Animations/ThirdPersonRun.uasset" 574
"../../../../../../Users/justi/OneDrive/Documents/GitHub/WithFriends/With_Friends/Content/Unreal_Example_Map/Mannequin/Animations/ThirdPersonIdle.uasset" 575
"../../../../../../Users/justi/OneDrive/Documents/GitHub/WithFriends/With_Friends/Content/Unreal_Example_Map/Mannequin/Animations/ThirdPerson_IdleRun_2D.uasset" 576
"../../../../../../Users/justi/OneDrive/Documents/GitHub/WithFriends/With_Friends/Content/Unreal_Example_Map/Mannequin/Animations/ThirdPerson_Jump.uasset" 577
"../../../../../../Users/justi/OneDrive/Documents/GitHub/WithFriends/With_Friends/Content/Unreal_Example_Map/Mannequin/Animations/ThirdPersonJump_Start.uasset" 578
"../../../../../../Users/justi/OneDrive/Documents/GitHub/WithFriends/With_Friends/Content/Unreal_Example_Map/Mannequin/Animations/ThirdPersonJump_Loop.uasset" 579
"../../../../../../Users/justi/OneDrive/Documents/GitHub/WithFriends/With_Friends/Content/Unreal_Example_Map/Mannequin/Animations/ThirdPerson_AnimBP.uasset" 580
"../../../../../../Users/justi/OneDrive/Documents/GitHub/WithFriends/With_Friends/Content/Unreal_Example_Map/ThirdPersonBP/Blueprints/ThirdPersonCharacter.uasset" 581
"../../../../../../Users/justi/OneDrive/Documents/GitHub/WithFriends/With_Friends/Content/Unreal_Example_Map/ThirdPerson/Meshes/RampMaterial.uasset" 582
"../../../../../../Users/justi/OneDrive/Documents/GitHub/WithFriends/With_Friends/Content/Unreal_Example_Map/ThirdPerson/Meshes/RightArm_StaticMesh.uasset" 583
"../../../../../../Users/justi/OneDrive/Documents/GitHub/WithFriends/With_Friends/Content/Unreal_Example_Map/ThirdPerson/Meshes/Ramp_StaticMesh.uasset" 584
"../../../../../../Users/justi/OneDrive/Documents/GitHub/WithFriends/With_Friends/Content/Unreal_Example_Map/ThirdPerson/Meshes/Linear_Stair_StaticMesh.uasset" 585
"../../../../../../Users/justi/OneDrive/Documents/GitHub/WithFriends/With_Friends/Content/Unreal_Example_Map/ThirdPerson/Meshes/LeftArm_StaticMesh.uasset" 586
"../../../../../../Users/justi/OneDrive/Documents/GitHub/WithFriends/With_Friends/Content/Unreal_Example_Map/ThirdPerson/Meshes/Bump_StaticMesh.uasset" 587
"../../../../../../Users/justi/OneDrive/Documents/GitHub/WithFriends/With_Friends/Content/Unreal_Example_Map/Geometry/Meshes/CubeMaterial.uasset" 588
"../../../../../../Users/justi/OneDrive/Documents/GitHub/WithFriends/With_Friends/Content/Unreal_Example_Map/Geometry/Meshes/TemplateFloor.uasset" 589
"../../../../../../Users/justi/OneDrive/Documents/GitHub/WithFriends/With_Friends/Content/Unreal_Example_Map/Geometry/Meshes/1M_Cube_Chamfer.uasset" 590
"../../../../../../Users/justi/OneDrive/Documents/GitHub/WithFriends/With_Friends/Content/Unreal_Example_Map/Geometry/Meshes/1M_Cube.uasset" 591
"../../../../../../Users/justi/OneDrive/Documents/GitHub/WithFriends/With_Friends/Content/Unreal_Example_Map/ThirdPersonBP/Maps/ThirdPersonExampleMap.umap" 592
"../../../Engine/Content/Maps/Entry_BuiltData.uasset" 593
"../../../Engine/Content/Maps/Entry.umap" 594
